<?xml version="1.0" encoding="UTF-8"?>
<!-- Generated by org.testng.reporters.JUnitReportReporter -->
<testsuite skipped="0" hostname="LAPTOP-P2RI77UJ" name="academy.E2EProject.ValidateTitle" tests="1" failures="0" timestamp="08 Nov 2020 10:26:05 GMT" time="1.599" errors="0">
  <testcase name="basePageNavigation" time="1.599" classname="academy.E2EProject.ValidateTitle"/>
</testsuite> <!-- academy.E2EProject.ValidateTitle -->
