<?xml version="1.0" encoding="UTF-8"?>
<!-- Generated by org.testng.reporters.JUnitReportReporter -->
<testsuite skipped="0" hostname="LAPTOP-P2RI77UJ" name="demo.Test1" tests="1" failures="0" timestamp="28 Oct 2020 07:24:34 GMT" time="0.012" errors="0">
  <testcase name="testDemo1" time="0.012" classname="demo.Test1"/>
</testsuite> <!-- demo.Test1 -->
