<?xml version="1.0" encoding="UTF-8"?>
<!-- Generated by org.testng.reporters.JUnitReportReporter -->
<testsuite skipped="0" hostname="LAPTOP-P2RI77UJ" name="demo.Test4" tests="1" failures="0" timestamp="28 Oct 2020 08:10:24 GMT" time="0.005" errors="0">
  <testcase name="testDemo7" time="0.005" classname="demo.Test4"/>
</testsuite> <!-- demo.Test4 -->
