<?xml version="1.0" encoding="UTF-8"?>
<!-- Generated by org.testng.reporters.JUnitReportReporter -->
<testsuite skipped="0" hostname="LAPTOP-P2RI77UJ" name="demo.Test2" tests="1" failures="0" timestamp="28 Oct 2020 07:24:34 GMT" time="0.006" errors="0">
  <testcase name="testDemo2" time="0.006" classname="demo.Test2"/>
</testsuite> <!-- demo.Test2 -->
