<?xml version="1.0" encoding="UTF-8"?>
<!-- Generated by org.testng.reporters.JUnitReportReporter -->
<testsuite skipped="0" hostname="LAPTOP-P2RI77UJ" name="demo.Test3" tests="1" failures="0" timestamp="28 Oct 2020 08:10:25 GMT" time="0.011" errors="0">
  <testcase name="testDemo22" time="0.011" classname="demo.Test3"/>
</testsuite> <!-- demo.Test3 -->
