<?xml version="1.0" encoding="UTF-8"?>
<!-- Generated by org.testng.reporters.JUnitReportReporter -->
<testsuite skipped="0" hostname="LAPTOP-P2RI77UJ" name="academy.RealProject.HomePage" tests="2" failures="0" timestamp="10 Nov 2020 06:38:38 GMT" time="21.412" errors="0">
  <testcase name="basepageNavigation" time="7.443" classname="academy.RealProject.HomePage"/>
  <testcase name="basepageNavigation" time="13.969" classname="academy.RealProject.HomePage"/>
</testsuite> <!-- academy.RealProject.HomePage -->
