<?xml version="1.0" encoding="UTF-8"?>
<!-- Generated by org.testng.reporters.JUnitReportReporter -->
<testsuite skipped="0" hostname="LAPTOP-P2RI77UJ" name="academy.RealProject.ValidateTitle" tests="1" failures="0" timestamp="10 Nov 2020 06:38:38 GMT" time="0.409" errors="0">
  <testcase name="basepageNavigation" time="0.409" classname="academy.RealProject.ValidateTitle"/>
</testsuite> <!-- academy.RealProject.ValidateTitle -->
